<?xml version="1.0" encoding="UTF-8"?>
<!-- Generated by org.testng.reporters.JUnitXMLReporter -->
<testsuite ignored="0" hostname="UMESH-PC" failures="0" tests="2" name="Default test" time="308.109" errors="0" timestamp="2025-07-02T23:31:08 IST">
  <testcase classname="new_package_facebooklogin.FB_LoginTest" name="loginTest" time="239.49">
    <skipped/>
  </testcase> <!-- loginTest -->
  <testcase classname="new_package_facebooklogin.FB_LoginTest" name="loginTest" time="67.272"/>
</testsuite> <!-- Default test -->
