<?xml version="1.0" encoding="UTF-8"?>
<!-- Generated by org.testng.reporters.JUnitXMLReporter -->
<testsuite ignored="2" hostname="UMESH-PC" failures="0" tests="3" name="Test" time="0.228" errors="0" timestamp="2025-03-30T17:24:35 IST">
  <testcase classname="sdetInterviewQuestions.Group_Test_Concepts" name="group01" time="0.02"/>
  <testcase classname="sdetInterviewQuestions.Group_Test_Concepts" name="group02" time="0.002"/>
  <testcase classname="sdetInterviewQuestions.Group_Test_Concepts" name="group05" time="0.003"/>
  <testcase classname="sdetInterviewQuestions.Group_Test_Concepts" name="group04" time="0.0">
    <ignored/>
  </testcase> <!-- group04 -->
  <testcase classname="sdetInterviewQuestions.Group_Test_Concepts" name="group03" time="0.0">
    <ignored/>
  </testcase> <!-- group03 -->
</testsuite> <!-- Test -->
