<?xml version="1.0" encoding="UTF-8"?>
<testng-results ignored="0" total="1" passed="1" failed="0" skipped="0">
  <reporter-output>
    <line>
      <![CDATA[Test case got passed!]]>
    </line>
  </reporter-output>
  <suite started-at="2025-05-01T00:31:59 IST" name="Default suite" finished-at="2025-05-01T00:32:44 IST" duration-ms="45169">
    <groups>
    </groups>
    <test started-at="2025-05-01T00:31:59 IST" name="Default test" finished-at="2025-05-01T00:32:44 IST" duration-ms="45169">
      <class name="new_package_facebooklogin.FB_LoginTest">
        <test-method signature="loginTest()[pri:0, instance:new_package_facebooklogin.FB_LoginTest@2462cb01]" started-at="2025-05-01T00:31:59 IST" name="loginTest" finished-at="2025-05-01T00:32:44 IST" duration-ms="44857" status="PASS">
          <reporter-output>
            <line>
              <![CDATA[Test case got passed!]]>
            </line>
          </reporter-output>
        </test-method> <!-- loginTest -->
      </class> <!-- new_package_facebooklogin.FB_LoginTest -->
    </test> <!-- Default test -->
  </suite> <!-- Default suite -->
</testng-results>
